\BOOKMARK [1][-]{section.0.1}{Generated Hypergraph}{}% 1
\BOOKMARK [2][-]{subsection.0.1.1}{DG Hyper, dg\1370}{section.0.1}% 2
\BOOKMARK [1][-]{section.0.2}{Rules}{}% 3
\BOOKMARK [2][-]{subsection.0.2.1}{1,2 hydrid shift}{section.0.2}% 4
\BOOKMARK [2][-]{subsection.0.2.2}{1,3 hydrid shift}{section.0.2}% 5
\BOOKMARK [2][-]{subsection.0.2.3}{H+ loss}{section.0.2}% 6
\BOOKMARK [2][-]{subsection.0.2.4}{Capture of H2O}{section.0.2}% 7
\BOOKMARK [2][-]{subsection.0.2.5}{Disphophate loss for GPP}{section.0.2}% 8
\BOOKMARK [2][-]{subsection.0.2.6}{Disphophate loss for GPP \(altenative\)}{section.0.2}% 9
\BOOKMARK [2][-]{subsection.0.2.7}{Diphosphate capture by geranyl cation \(alternative\)}{section.0.2}% 10
\BOOKMARK [2][-]{subsection.0.2.8}{Diphosphate loss for linalyl diphosphate}{section.0.2}% 11
\BOOKMARK [2][-]{subsection.0.2.9}{Diphosphate loss for linalyl diphosphate \(alternative\)}{section.0.2}% 12
\BOOKMARK [2][-]{subsection.0.2.10}{6,1 ring closure}{section.0.2}% 13
\BOOKMARK [2][-]{subsection.0.2.11}{3,7 - closure}{section.0.2}% 14
\BOOKMARK [2][-]{subsection.0.2.12}{2,7 - closure}{section.0.2}% 15
\BOOKMARK [2][-]{subsection.0.2.13}{Wagner-Meerwein 1,2 alcyl shift}{section.0.2}% 16
\BOOKMARK [2][-]{subsection.0.2.14}{1,8 Cyclization}{section.0.2}% 17
\BOOKMARK [2][-]{subsection.0.2.15}{2,6 closure}{section.0.2}% 18
\BOOKMARK [2][-]{subsection.0.2.16}{5,7 - closure}{section.0.2}% 19
\BOOKMARK [2][-]{subsection.0.2.17}{Diphosphate capture by Bornyl Cation}{section.0.2}% 20
\BOOKMARK [2][-]{subsection.0.2.18}{allylic charge shift}{section.0.2}% 21
